Info: Starting: Create HDL design files for synthesis
Info: ip-generate --project-directory=C:/verilog_test/Qsys/ --output-directory=C:/verilog_test/Qsys/DE0Qsys/synthesis/ --file-set=QUARTUS_SYNTH --report-file=sopcinfo:C:/verilog_test/Qsys/DE0Qsys.sopcinfo --report-file=html:C:/verilog_test/Qsys/DE0Qsys.html --report-file=qip:C:/verilog_test/Qsys/DE0Qsys/synthesis/DE0Qsys.qip --report-file=cmp:C:/verilog_test/Qsys/DE0Qsys.cmp --report-file=svd --system-info=DEVICE_FAMILY="Cyclone III" --system-info=DEVICE=EP3C16F484C6 --system-info=DEVICE_SPEEDGRADE=6 --component-file=C:/verilog_test/Qsys/DE0Qsys.qsys --language=VERILOG
Progress: Loading Qsys/DE0Qsys.qsys
Progress: Reading input file
Progress: Adding clk_50m [clock_source 13.0]
Progress: Parameterizing module clk_50m
Progress: Adding nios2cpu [altera_nios2_qsys 13.0]
Progress: Parameterizing module nios2cpu
Progress: Adding jtag_uart [altera_avalon_jtag_uart 13.0.1.99.2]
Progress: Parameterizing module jtag_uart
Progress: Adding syspll [altpll 13.0]
Progress: Parameterizing module syspll
Progress: Adding sdram_ctrl [altera_avalon_new_sdram_controller 13.0.1.99.2]
Progress: Parameterizing module sdram_ctrl
Progress: Adding led [altera_avalon_pio 13.0.1.99.2]
Progress: Parameterizing module led
Progress: Adding dma [altera_avalon_dma 13.0.1.99.2]
Progress: Parameterizing module dma
Progress: Adding APB [altera_avalon_mm_bridge 13.0]
Progress: Parameterizing module APB
Progress: Adding timer [altera_avalon_timer 13.0.1.99.2]
Progress: Parameterizing module timer
Progress: Adding motorA_dir [altera_avalon_pio 13.0.1.99.2]
Progress: Parameterizing module motorA_dir
Progress: Adding motorA_duty [altera_avalon_pio 13.0.1.99.2]
Progress: Parameterizing module motorA_duty
Progress: Adding motorB_dir [altera_avalon_pio 13.0.1.99.2]
Progress: Parameterizing module motorB_dir
Progress: Adding motorB_duty [altera_avalon_pio 13.0.1.99.2]
Progress: Parameterizing module motorB_duty
Progress: Building connections
Progress: Parameterizing connections
Progress: Validating
Progress: Done reading input file
Info: DE0Qsys: Generating DE0Qsys "DE0Qsys" for QUARTUS_SYNTH
Info: pipeline_bridge_swap_transform: After transform: 13 modules, 57 connections
Info: No custom instruction connections, skipping transform 
Info: merlin_translator_transform: After transform: 30 modules, 124 connections
Info: merlin_domain_transform: After transform: 70 modules, 362 connections
Info: merlin_router_transform: After transform: 87 modules, 429 connections
Info: merlin_traffic_limiter_transform: After transform: 89 modules, 439 connections
Info: merlin_burst_transform: After transform: 91 modules, 447 connections
Info: reset_adaptation_transform: After transform: 94 modules, 357 connections
Info: merlin_network_to_switch_transform: After transform: 126 modules, 429 connections
Info: merlin_width_transform: After transform: 128 modules, 435 connections
Info: Inserting clock-crossing logic between cmd_xbar_demux_001.src3 and cmd_xbar_mux_003.sink0
Info: Inserting clock-crossing logic between rsp_xbar_demux_003.src0 and rsp_xbar_mux_001.sink3
Info: Inserting clock-crossing logic between cmd_xbar_demux_004.src0 and cmd_xbar_mux_005.sink0
Info: Inserting clock-crossing logic between cmd_xbar_demux_004.src1 and cmd_xbar_mux_006.sink0
Info: Inserting clock-crossing logic between cmd_xbar_demux_004.src2 and cmd_xbar_mux_007.sink0
Info: Inserting clock-crossing logic between cmd_xbar_demux_004.src3 and cmd_xbar_mux_008.sink0
Info: Inserting clock-crossing logic between cmd_xbar_demux_004.src4 and cmd_xbar_mux_009.sink0
Info: Inserting clock-crossing logic between cmd_xbar_demux_004.src5 and cmd_xbar_mux_010.sink0
Info: Inserting clock-crossing logic between cmd_xbar_demux_004.src6 and cmd_xbar_mux_011.sink0
Info: Inserting clock-crossing logic between rsp_xbar_demux_005.src0 and rsp_xbar_mux_004.sink0
Info: Inserting clock-crossing logic between rsp_xbar_demux_006.src0 and rsp_xbar_mux_004.sink1
Info: Inserting clock-crossing logic between rsp_xbar_demux_007.src0 and rsp_xbar_mux_004.sink2
Info: Inserting clock-crossing logic between rsp_xbar_demux_008.src0 and rsp_xbar_mux_004.sink3
Info: Inserting clock-crossing logic between rsp_xbar_demux_009.src0 and rsp_xbar_mux_004.sink4
Info: Inserting clock-crossing logic between rsp_xbar_demux_010.src0 and rsp_xbar_mux_004.sink5
Info: Inserting clock-crossing logic between rsp_xbar_demux_011.src0 and rsp_xbar_mux_004.sink6
Info: com_altera_sopcmodel_transforms_avalon_ClockCrossingTransform: After transform: 144 modules, 515 connections
Info: limiter_update_transform: After transform: 144 modules, 517 connections
Info: merlin_mm_transform: After transform: 144 modules, 517 connections
Info: merlin_interrupt_mapper_transform: After transform: 145 modules, 520 connections
Info: merlin_interrupt_sync_transform: After transform: 147 modules, 530 connections
Info: nios2cpu: Starting RTL generation for module 'DE0Qsys_nios2cpu'
Info: nios2cpu:   Generation command is [exec C:/altera/13.0sp1/quartus/../ip/altera/nios2_ip/altera_nios2/eperl.exe -I C:/altera/13.0sp1/quartus/common/ip/altera/common/perl/5.8.3 -I C:/altera/13.0sp1/quartus/sopc_builder/bin/europa -I C:/altera/13.0sp1/quartus/sopc_builder/bin/perl_lib -I C:/altera/13.0sp1/quartus/sopc_builder/bin -I C:/altera/13.0sp1/quartus/../ip/altera/nios2_ip/altera_nios2/cpu_lib -I C:/altera/13.0sp1/quartus/../ip/altera/nios2_ip/altera_nios2/nios_lib -I C:/altera/13.0sp1/quartus/../ip/altera/nios2_ip/altera_nios2 -I C:/altera/13.0sp1/quartus/../ip/altera/nios2_ip/altera_nios2 -- C:/altera/13.0sp1/quartus/../ip/altera/nios2_ip/altera_nios2/generate_rtl.epl --name=DE0Qsys_nios2cpu --dir=C:/Users/User/AppData/Local/Temp/alt9460_1210136992259462118.dir/0125_nios2cpu_gen/ --quartus_dir=C:/altera/13.0sp1/quartus --verilog --config=C:/Users/User/AppData/Local/Temp/alt9460_1210136992259462118.dir/0125_nios2cpu_gen//DE0Qsys_nios2cpu_processor_configuration.pl  --do_build_sim=0    --bogus  ]
Info: nios2cpu: # 2023.04.13 11:56:05 (*) Starting Nios II generation
Info: nios2cpu: # 2023.04.13 11:56:05 (*)   Checking for plaintext license.
Info: nios2cpu: # 2023.04.13 11:56:07 (*)   Plaintext license found.
Info: nios2cpu: # 2023.04.13 11:56:07 (*)   Elaborating CPU configuration settings
Info: nios2cpu: # 2023.04.13 11:56:07 (*)   Creating all objects for CPU
Info: nios2cpu: # 2023.04.13 11:56:08 (*)   Generating RTL from CPU objects
Info: nios2cpu: # 2023.04.13 11:56:08 (*)   Creating plain-text RTL
Info: nios2cpu: # 2023.04.13 11:56:09 (*) Done Nios II generation
Info: nios2cpu: Done RTL generation for module 'DE0Qsys_nios2cpu'
Info: nios2cpu: "DE0Qsys" instantiated altera_nios2_qsys "nios2cpu"
Info: jtag_uart: Starting RTL generation for module 'DE0Qsys_jtag_uart'
Info: jtag_uart:   Generation command is [exec C:/altera/13.0sp1/quartus/bin/perl/bin/perl.exe -I C:/altera/13.0sp1/quartus/common/ip/altera/common/perl/5.8.3 -I C:/altera/13.0sp1/quartus/sopc_builder/bin/europa -I C:/altera/13.0sp1/quartus/sopc_builder/bin/perl_lib -I C:/altera/13.0sp1/quartus/sopc_builder/bin -I C:/altera/13.0sp1/quartus/../ip/altera/sopc_builder_ip/common -I C:/altera/13.0sp1/quartus/../ip/altera/sopc_builder_ip/altera_avalon_jtag_uart -- C:/altera/13.0sp1/quartus/../ip/altera/sopc_builder_ip/altera_avalon_jtag_uart/generate_rtl.pl --name=DE0Qsys_jtag_uart --dir=C:/Users/User/AppData/Local/Temp/alt9460_1210136992259462118.dir/0126_jtag_uart_gen/ --quartus_dir=C:/altera/13.0sp1/quartus --verilog --config=C:/Users/User/AppData/Local/Temp/alt9460_1210136992259462118.dir/0126_jtag_uart_gen//DE0Qsys_jtag_uart_component_configuration.pl  --do_build_sim=0  ]
Info: jtag_uart: Done RTL generation for module 'DE0Qsys_jtag_uart'
Info: jtag_uart: "DE0Qsys" instantiated altera_avalon_jtag_uart "jtag_uart"
Info: syspll: "DE0Qsys" instantiated altpll "syspll"
Info: sdram_ctrl: Starting RTL generation for module 'DE0Qsys_sdram_ctrl'
Info: sdram_ctrl:   Generation command is [exec C:/altera/13.0sp1/quartus/bin/perl/bin/perl.exe -I C:/altera/13.0sp1/quartus/common/ip/altera/common/perl/5.8.3 -I C:/altera/13.0sp1/quartus/sopc_builder/bin/europa -I C:/altera/13.0sp1/quartus/sopc_builder/bin/perl_lib -I C:/altera/13.0sp1/quartus/sopc_builder/bin -I C:/altera/13.0sp1/quartus/../ip/altera/sopc_builder_ip/common -I C:/altera/13.0sp1/quartus/../ip/altera/sopc_builder_ip/altera_avalon_new_sdram_controller -- C:/altera/13.0sp1/quartus/../ip/altera/sopc_builder_ip/altera_avalon_new_sdram_controller/generate_rtl.pl --name=DE0Qsys_sdram_ctrl --dir=C:/Users/User/AppData/Local/Temp/alt9460_1210136992259462118.dir/0129_sdram_ctrl_gen/ --quartus_dir=C:/altera/13.0sp1/quartus --verilog --config=C:/Users/User/AppData/Local/Temp/alt9460_1210136992259462118.dir/0129_sdram_ctrl_gen//DE0Qsys_sdram_ctrl_component_configuration.pl  --do_build_sim=0  ]
Info: sdram_ctrl: Done RTL generation for module 'DE0Qsys_sdram_ctrl'
Info: sdram_ctrl: "DE0Qsys" instantiated altera_avalon_new_sdram_controller "sdram_ctrl"
Info: led: Starting RTL generation for module 'DE0Qsys_led'
Info: led:   Generation command is [exec C:/altera/13.0sp1/quartus/bin/perl/bin/perl.exe -I C:/altera/13.0sp1/quartus/common/ip/altera/common/perl/5.8.3 -I C:/altera/13.0sp1/quartus/sopc_builder/bin/europa -I C:/altera/13.0sp1/quartus/sopc_builder/bin/perl_lib -I C:/altera/13.0sp1/quartus/sopc_builder/bin -I C:/altera/13.0sp1/quartus/../ip/altera/sopc_builder_ip/common -I C:/altera/13.0sp1/quartus/../ip/altera/sopc_builder_ip/altera_avalon_pio -- C:/altera/13.0sp1/quartus/../ip/altera/sopc_builder_ip/altera_avalon_pio/generate_rtl.pl --name=DE0Qsys_led --dir=C:/Users/User/AppData/Local/Temp/alt9460_1210136992259462118.dir/0130_led_gen/ --quartus_dir=C:/altera/13.0sp1/quartus --verilog --config=C:/Users/User/AppData/Local/Temp/alt9460_1210136992259462118.dir/0130_led_gen//DE0Qsys_led_component_configuration.pl  --do_build_sim=0  ]
Info: led: Done RTL generation for module 'DE0Qsys_led'
Info: led: "DE0Qsys" instantiated altera_avalon_pio "led"
Info: dma: Starting RTL generation for module 'DE0Qsys_dma'
Info: dma:   Generation command is [exec C:/altera/13.0sp1/quartus/bin/perl/bin/perl.exe -I C:/altera/13.0sp1/quartus/common/ip/altera/common/perl/5.8.3 -I C:/altera/13.0sp1/quartus/sopc_builder/bin/europa -I C:/altera/13.0sp1/quartus/sopc_builder/bin/perl_lib -I C:/altera/13.0sp1/quartus/sopc_builder/bin -I C:/altera/13.0sp1/quartus/../ip/altera/sopc_builder_ip/common -I C:/altera/13.0sp1/quartus/../ip/altera/sopc_builder_ip/altera_avalon_dma -- C:/altera/13.0sp1/quartus/../ip/altera/sopc_builder_ip/altera_avalon_dma/generate_rtl.pl --name=DE0Qsys_dma --dir=C:/Users/User/AppData/Local/Temp/alt9460_1210136992259462118.dir/0131_dma_gen/ --quartus_dir=C:/altera/13.0sp1/quartus --verilog --config=C:/Users/User/AppData/Local/Temp/alt9460_1210136992259462118.dir/0131_dma_gen//DE0Qsys_dma_component_configuration.pl  --do_build_sim=0  ]
Info: dma: # 2023.04.13 11:56:12 (*)   DE0Qsys_dma: allowing these transactions: word, hw, byte_access
Info: dma: Done RTL generation for module 'DE0Qsys_dma'
Info: dma: "DE0Qsys" instantiated altera_avalon_dma "dma"
Info: APB: "DE0Qsys" instantiated altera_avalon_mm_bridge "APB"
Info: timer: Starting RTL generation for module 'DE0Qsys_timer'
Info: timer:   Generation command is [exec C:/altera/13.0sp1/quartus/bin/perl/bin/perl.exe -I C:/altera/13.0sp1/quartus/common/ip/altera/common/perl/5.8.3 -I C:/altera/13.0sp1/quartus/sopc_builder/bin/europa -I C:/altera/13.0sp1/quartus/sopc_builder/bin/perl_lib -I C:/altera/13.0sp1/quartus/sopc_builder/bin -I C:/altera/13.0sp1/quartus/../ip/altera/sopc_builder_ip/common -I C:/altera/13.0sp1/quartus/../ip/altera/sopc_builder_ip/altera_avalon_timer -- C:/altera/13.0sp1/quartus/../ip/altera/sopc_builder_ip/altera_avalon_timer/generate_rtl.pl --name=DE0Qsys_timer --dir=C:/Users/User/AppData/Local/Temp/alt9460_1210136992259462118.dir/0132_timer_gen/ --quartus_dir=C:/altera/13.0sp1/quartus --verilog --config=C:/Users/User/AppData/Local/Temp/alt9460_1210136992259462118.dir/0132_timer_gen//DE0Qsys_timer_component_configuration.pl  --do_build_sim=0  ]
Info: timer: Done RTL generation for module 'DE0Qsys_timer'
Info: timer: "DE0Qsys" instantiated altera_avalon_timer "timer"
Info: motorA_dir: Starting RTL generation for module 'DE0Qsys_motorA_dir'
Info: motorA_dir:   Generation command is [exec C:/altera/13.0sp1/quartus/bin/perl/bin/perl.exe -I C:/altera/13.0sp1/quartus/common/ip/altera/common/perl/5.8.3 -I C:/altera/13.0sp1/quartus/sopc_builder/bin/europa -I C:/altera/13.0sp1/quartus/sopc_builder/bin/perl_lib -I C:/altera/13.0sp1/quartus/sopc_builder/bin -I C:/altera/13.0sp1/quartus/../ip/altera/sopc_builder_ip/common -I C:/altera/13.0sp1/quartus/../ip/altera/sopc_builder_ip/altera_avalon_pio -- C:/altera/13.0sp1/quartus/../ip/altera/sopc_builder_ip/altera_avalon_pio/generate_rtl.pl --name=DE0Qsys_motorA_dir --dir=C:/Users/User/AppData/Local/Temp/alt9460_1210136992259462118.dir/0133_motorA_dir_gen/ --quartus_dir=C:/altera/13.0sp1/quartus --verilog --config=C:/Users/User/AppData/Local/Temp/alt9460_1210136992259462118.dir/0133_motorA_dir_gen//DE0Qsys_motorA_dir_component_configuration.pl  --do_build_sim=0  ]
Info: motorA_dir: Done RTL generation for module 'DE0Qsys_motorA_dir'
Info: motorA_dir: "DE0Qsys" instantiated altera_avalon_pio "motorA_dir"
Info: motorA_duty: Starting RTL generation for module 'DE0Qsys_motorA_duty'
Info: motorA_duty:   Generation command is [exec C:/altera/13.0sp1/quartus/bin/perl/bin/perl.exe -I C:/altera/13.0sp1/quartus/common/ip/altera/common/perl/5.8.3 -I C:/altera/13.0sp1/quartus/sopc_builder/bin/europa -I C:/altera/13.0sp1/quartus/sopc_builder/bin/perl_lib -I C:/altera/13.0sp1/quartus/sopc_builder/bin -I C:/altera/13.0sp1/quartus/../ip/altera/sopc_builder_ip/common -I C:/altera/13.0sp1/quartus/../ip/altera/sopc_builder_ip/altera_avalon_pio -- C:/altera/13.0sp1/quartus/../ip/altera/sopc_builder_ip/altera_avalon_pio/generate_rtl.pl --name=DE0Qsys_motorA_duty --dir=C:/Users/User/AppData/Local/Temp/alt9460_1210136992259462118.dir/0134_motorA_duty_gen/ --quartus_dir=C:/altera/13.0sp1/quartus --verilog --config=C:/Users/User/AppData/Local/Temp/alt9460_1210136992259462118.dir/0134_motorA_duty_gen//DE0Qsys_motorA_duty_component_configuration.pl  --do_build_sim=0  ]
Info: motorA_duty: Done RTL generation for module 'DE0Qsys_motorA_duty'
Info: motorA_duty: "DE0Qsys" instantiated altera_avalon_pio "motorA_duty"
Info: nios2cpu_instruction_master_translator: "DE0Qsys" instantiated altera_merlin_master_translator "nios2cpu_instruction_master_translator"
Info: nios2cpu_jtag_debug_module_translator: "DE0Qsys" instantiated altera_merlin_slave_translator "nios2cpu_jtag_debug_module_translator"
Info: nios2cpu_instruction_master_translator_avalon_universal_master_0_agent: "DE0Qsys" instantiated altera_merlin_master_agent "nios2cpu_instruction_master_translator_avalon_universal_master_0_agent"
Info: nios2cpu_jtag_debug_module_translator_avalon_universal_slave_0_agent: "DE0Qsys" instantiated altera_merlin_slave_agent "nios2cpu_jtag_debug_module_translator_avalon_universal_slave_0_agent"
Info: nios2cpu_jtag_debug_module_translator_avalon_universal_slave_0_agent_rsp_fifo: "DE0Qsys" instantiated altera_avalon_sc_fifo "nios2cpu_jtag_debug_module_translator_avalon_universal_slave_0_agent_rsp_fifo"
Info: addr_router: "DE0Qsys" instantiated altera_merlin_router "addr_router"
Info: addr_router_001: "DE0Qsys" instantiated altera_merlin_router "addr_router_001"
Info: addr_router_002: "DE0Qsys" instantiated altera_merlin_router "addr_router_002"
Info: id_router: "DE0Qsys" instantiated altera_merlin_router "id_router"
Info: id_router_001: "DE0Qsys" instantiated altera_merlin_router "id_router_001"
Info: id_router_002: "DE0Qsys" instantiated altera_merlin_router "id_router_002"
Info: id_router_003: "DE0Qsys" instantiated altera_merlin_router "id_router_003"
Info: addr_router_004: "DE0Qsys" instantiated altera_merlin_router "addr_router_004"
Info: id_router_005: "DE0Qsys" instantiated altera_merlin_router "id_router_005"
Info: limiter: "DE0Qsys" instantiated altera_merlin_traffic_limiter "limiter"
Info: burst_adapter: "DE0Qsys" instantiated altera_merlin_burst_adapter "burst_adapter"
Info: rst_controller: "DE0Qsys" instantiated altera_reset_controller "rst_controller"
Info: cmd_xbar_demux: "DE0Qsys" instantiated altera_merlin_demultiplexer "cmd_xbar_demux"
Info: cmd_xbar_demux_001: "DE0Qsys" instantiated altera_merlin_demultiplexer "cmd_xbar_demux_001"
Info: cmd_xbar_demux_002: "DE0Qsys" instantiated altera_merlin_demultiplexer "cmd_xbar_demux_002"
Info: cmd_xbar_demux_003: "DE0Qsys" instantiated altera_merlin_demultiplexer "cmd_xbar_demux_003"
Info: cmd_xbar_mux: "DE0Qsys" instantiated altera_merlin_multiplexer "cmd_xbar_mux"
Info: cmd_xbar_mux_001: "DE0Qsys" instantiated altera_merlin_multiplexer "cmd_xbar_mux_001"
Info: Reusing file C:/verilog_test/Qsys/DE0Qsys/synthesis/submodules/altera_merlin_arbitrator.sv
Info: rsp_xbar_demux_001: "DE0Qsys" instantiated altera_merlin_demultiplexer "rsp_xbar_demux_001"
Info: rsp_xbar_demux_003: "DE0Qsys" instantiated altera_merlin_demultiplexer "rsp_xbar_demux_003"
Info: rsp_xbar_mux: "DE0Qsys" instantiated altera_merlin_multiplexer "rsp_xbar_mux"
Info: Reusing file C:/verilog_test/Qsys/DE0Qsys/synthesis/submodules/altera_merlin_arbitrator.sv
Info: rsp_xbar_mux_001: "DE0Qsys" instantiated altera_merlin_multiplexer "rsp_xbar_mux_001"
Info: Reusing file C:/verilog_test/Qsys/DE0Qsys/synthesis/submodules/altera_merlin_arbitrator.sv
Info: rsp_xbar_mux_002: "DE0Qsys" instantiated altera_merlin_multiplexer "rsp_xbar_mux_002"
Info: Reusing file C:/verilog_test/Qsys/DE0Qsys/synthesis/submodules/altera_merlin_arbitrator.sv
Info: cmd_xbar_demux_004: "DE0Qsys" instantiated altera_merlin_demultiplexer "cmd_xbar_demux_004"
Info: rsp_xbar_demux_005: "DE0Qsys" instantiated altera_merlin_demultiplexer "rsp_xbar_demux_005"
Info: rsp_xbar_mux_004: "DE0Qsys" instantiated altera_merlin_multiplexer "rsp_xbar_mux_004"
Info: Reusing file C:/verilog_test/Qsys/DE0Qsys/synthesis/submodules/altera_merlin_arbitrator.sv
Info: width_adapter: "DE0Qsys" instantiated altera_merlin_width_adapter "width_adapter"
Info: Reusing file C:/verilog_test/Qsys/DE0Qsys/synthesis/submodules/altera_merlin_address_alignment.sv
Info: Reusing file C:/verilog_test/Qsys/DE0Qsys/synthesis/submodules/altera_merlin_burst_uncompressor.sv
Info: crosser: "DE0Qsys" instantiated altera_avalon_st_handshake_clock_crosser "crosser"
Info: Reusing file C:/verilog_test/Qsys/DE0Qsys/synthesis/submodules/altera_avalon_st_pipeline_base.v
Info: irq_mapper: "DE0Qsys" instantiated altera_irq_mapper "irq_mapper"
Info: irq_synchronizer: "DE0Qsys" instantiated altera_irq_clock_crosser "irq_synchronizer"
Info: DE0Qsys: Done DE0Qsys" with 46 modules, 205 files, 3576104 bytes
Info: ip-generate succeeded.
Info: Finished: Create HDL design files for synthesis
